[0]Это error сообщение 1 2 3
[0]Это error сообщение 1 2 3
[0]Это error сообщение 1 2 3
[0]Это error сообщение 1 2 3
[0]Это error сообщение 1 2 3
[2]Это info сообщение 4 5 6
[0]Это error сообщение 1 2 3
[2]Это info сообщение 4 5 6
[0]Это error сообщение 1 2 3
[2]Это info сообщение 4 5 6
[0]Это error сообщение 1 2 3
[2]Это info сообщение 4 5 6
[0]Это error сообщение 1 2 3
[2]Это info сообщение 4 5 6
[0]Это error сообщение 1 2 3
[2]Это info сообщение 4 5 6
[0]Это error сообщение 1 2 3
[2]Это info сообщение 4 5 6
[0]Это error сообщение 1 2 3
[2]Это info сообщение 4 5 6
[0]Это error сообщение 1 2 3
[2]Это info сообщение 4 5 6
[0]Это error сообщение 1 2 3
[2]Это info сообщение 4 5 6
[0]Это error сообщение 1 2 3
[2]Это info сообщение 4 5 6
[0]Это error сообщение 1 2 3
[2]Это info сообщение 4 5 6
[1]Это warning сообщение 7 8 9
[0]Это error сообщение 1 2 3
[2]Это info сообщение 4 5 6
[1]Это warning сообщение 7 8 9
[0]Это error сообщение 1 2 3
[2]Это info сообщение 4 5 6
[1]Это warning сообщение 7 8 9
[0]Это error сообщение
[0]Это error сообщение
[0]Это error сообщение
[0]Это error сообщение
[2]Это info сообщение
[1]Это warning сообщение
[0]Это error сообщение
[2]Это info сообщение
[1]Это warning сообщение
[0]Это error сообщение
[2]Это info сообщение
[1]Это warning сообщение
[0]Это error сообщение
[2]Это info сообщение
[1]Это warning сообщение
[0]Это error сообщение
[2]Это info сообщение
[1]Это warning сообщение
[0]Это error сообщение
[2]Это info сообщение
[1]Это warning сообщение
[3]Это debug сообщение 10 11 12
[0]Это error сообщение
[2]Это info сообщение
[1]Это warning сообщение
[3]Это debug сообщение 10 11 12
[0]Это error сообщение
[2]Это info сообщение
[1]Это warning сообщение
[3]Это debug сообщение 10 11 12
[4]Это trace сообщение 
[0]Это error сообщение
[2]Это info сообщение
[1]Это warning сообщение
[3]Это debug сообщение 10 11 12
[4]Это trace сообщение 
[0]Это error сообщение
[2]Это info сообщение
[1]Это warning сообщение
[3]Это debug сообщение 10 11 12
[4]Это trace сообщение 
[0]Это error сообщение
[2]Это info сообщение
[1]Это warning сообщение
[3]Это debug сообщение 10 11 12
[4]Это trace сообщение 
[0]Это error сообщение 1 2 3
[2]Это info сообщение 4 5 6
[1]Это warning сообщение 7 8 9
[3]Это debug сообщение 10 11 12
[4]Это trace сообщение  13 14 15
[0]Это error сообщение 1 2 3
[2]Это info сообщение 4 5 6
[1]Это warning сообщение 7 8 9
[3]Это debug сообщение 10 11 12
[4]Это trace сообщение  13 14 15
[0]Это error сообщение 1 2 3
[2]Это info сообщение 4 5 6
[1]Это warning сообщение 7 8 9
[3]Это debug сообщение 10 11 12
[4]Это trace сообщение  13 14 15
[4]0 Это error сообщение 1 2 3
[4]2 Это info сообщение 4 5 6
[4]1 Это warning сообщение 7 8 9
[4]3 Это debug сообщение 10 11 12
[4]4 Это trace сообщение  13 14 15
[0]Это error сообщение
[2]Это info сообщение
[1]Это warning сообщение
[3]Это debug сообщение 10 11 12
[4]Это trace сообщение 13 14 15
[0]Это error сообщение 1 2 3
[2]Это info сообщение 4 5 6
[1]Это warning сообщение 7 8 9
[3]Это debug сообщение 10 11 12
[4]Это trace сообщение 13 14 15
[0]Р­С‚Рѕ error СЃРѕРѕР±С‰РµРЅРёРµ 1 2 3
[2]Р­С‚Рѕ info СЃРѕРѕР±С‰РµРЅРёРµ 4 5 6
[1]Р­С‚Рѕ warning СЃРѕРѕР±С‰РµРЅРёРµ 7 8 9
[3]Р­С‚Рѕ debug СЃРѕРѕР±С‰РµРЅРёРµ 10 11 12
[4]Р­С‚Рѕ trace СЃРѕРѕР±С‰РµРЅРёРµ 13 14 15
